#
# A fatal error has been detected by the Java Runtime Environment:
#
#  EXCEPTION_ACCESS_VIOLATION (0xc0000005) at pc=0x0000000060659ff6, pid=1088, tid=0x00000000000017e8
#
# JRE version: OpenJDK Runtime Environment (8.0_152-b01) (build 1.8.0_152-release-1343-b01)
# Java VM: OpenJDK 64-Bit Server VM (25.152-b01 mixed mode windows-amd64 compressed oops)
# Problematic frame:
# V  [jvm.dll+0x269ff6]
#
# Failed to write core dump. Minidumps are not enabled by default on client versions of Windows
#
# If you would like to submit a bug report, please visit:
#   http://bugreport.java.com/bugreport/crash.jsp
#

---------------  T H R E A D  ---------------

Current thread (0x0000000002a47000):  JavaThread "main" [_thread_in_vm, id=6120, stack(0x0000000002940000,0x0000000002a40000)]

siginfo: ExceptionCode=0xc0000005, reading address 0xffffffffffffffff

Registers:
RAX=0x0000000002b4071c, RBX=0x0000000002a47820, RCX=0x0080000000000000, RDX=0x0000000000000000
RSP=0x0000000002a3d350, RBP=0x0000000000000000, RSI=0x0000000002a3dab0, RDI=0x0000000002a47000
R8 =0x0020000000000000, R9 =0x000000001c3c3470, R10=0x0000000060ba6000, R11=0x000000001fa720d8
R12=0x0000000000000005, R13=0x000000001f632300, R14=0x0000000000000005, R15=0x000000001e7c5140
RIP=0x0000000060659ff6, EFLAGS=0x0000000000010206

Top of Stack: (sp=0x0000000002a3d350)
0x0000000002a3d350:   0000000000000000 0000000002a47830
0x0000000002a3d360:   0000000002a47828 0000000002a9ca20
0x0000000002a3d370:   0000000002a47820 00000000604c229d
0x0000000002a3d380:   0000000000000000 00000000605e5fd2
0x0000000002a3d390:   0000000002a3dab0 0000000000000076
0x0000000002a3d3a0:   0000000002a47000 000000006044a34d
0x0000000002a3d3b0:   000000001f630001 000000001e7c5141
0x0000000002a3d3c0:   00000007c0091110 00000007c0091110
0x0000000002a3d3d0:   0000000002a3d790 00000000605eafe3
0x0000000002a3d3e0:   0000000002a47000 00000000604c28d1
0x0000000002a3d3f0:   00000007c0091110 0000000002a3db20
0x0000000002a3d400:   0000000002a3db20 0000000002a3db20
0x0000000002a3d410:   0000000002a47000 0000000060489c17
0x0000000002a3d420:   0000000002a30001 000000001e825d61
0x0000000002a3d430:   0000000002a99640 0000000000000080
0x0000000002a3d440:   00000007c001b101 00000007c001b798 

Instructions: (pc=0x0000000060659ff6)
0x0000000060659fd6:   e6 38 fe ff ff 15 c8 e0 33 00 48 8b 5c 24 30 48
0x0000000060659fe6:   8b 74 24 38 48 83 c4 20 5f c3 40 53 48 83 ec 20
0x0000000060659ff6:   48 83 79 28 00 48 8b d9 75 25 4c 8d 0d a1 b5 37
0x000000006065a006:   00 4c 8d 05 72 c2 37 00 48 8d 0d fb 32 39 00 ba 


Register to memory mapping:

RAX=0x0000000002b4071c is at begin+0 in a stub
StubRoutines::orderaccess_fence [0x0000000002b4071c, 0x0000000002b40722[ (6 bytes)
RBX=0x0000000002a47820 is an unknown value
RCX=0x0080000000000000 is an unknown value
RDX=0x0000000000000000 is an unknown value
RSP=0x0000000002a3d350 is pointing into the stack for thread: 0x0000000002a47000
RBP=0x0000000000000000 is an unknown value
RSI=0x0000000002a3dab0 is pointing into the stack for thread: 0x0000000002a47000
RDI=0x0000000002a47000 is a thread
R8 =0x0020000000000000 is an unknown value
R9 =0x000000001c3c3470 is pointing into metadata
R10=0x0000000060ba6000 is an unknown value
R11=0x000000001fa720d8 is pointing into metadata
R12=0x0000000000000005 is an unknown value
R13=0x000000001f632300 is an unknown value
R14=0x0000000000000005 is an unknown value
R15=0x000000001e7c5140 is an unknown value


Stack: [0x0000000002940000,0x0000000002a40000],  sp=0x0000000002a3d350,  free space=1012k
Native frames: (J=compiled Java code, j=interpreted, Vv=VM code, C=native code)

Java frames: (J=compiled Java code, j=interpreted, Vv=VM code)
j  kotlin.reflect.jvm.internal.impl.load.java.lazy.descriptors.LazyJavaScope$propertyNamesLazy$2.invoke()Ljava/util/Set;+4
j  kotlin.reflect.jvm.internal.impl.load.java.lazy.descriptors.LazyJavaScope$propertyNamesLazy$2.invoke()Ljava/lang/Object;+1
j  kotlin.reflect.jvm.internal.impl.storage.LockBasedStorageManager$LockBasedLazyValue.invoke()Ljava/lang/Object;+156
j  kotlin.reflect.jvm.internal.impl.storage.LockBasedStorageManager$LockBasedNotNullLazyValue.invoke()Ljava/lang/Object;+1
j  kotlin.reflect.jvm.internal.impl.storage.StorageKt.getValue(Lkotlin/reflect/jvm/internal/impl/storage/NotNullLazyValue;Ljava/lang/Object;Lkotlin/reflect/KProperty;)Ljava/lang/Object;+13
j  kotlin.reflect.jvm.internal.impl.load.java.lazy.descriptors.LazyJavaScope.getPropertyNamesLazy()Ljava/util/Set;+10
j  kotlin.reflect.jvm.internal.impl.load.java.lazy.descriptors.LazyJavaScope.getVariableNames()Ljava/util/Set;+1
j  kotlin.reflect.jvm.internal.impl.serialization.deserialization.descriptors.DeserializedClassDescriptor$DeserializedClassMemberScope.getNonDeclaredVariableNames()Ljava/util/Set;+69
j  kotlin.reflect.jvm.internal.impl.serialization.deserialization.descriptors.DeserializedMemberScope$variableNamesLazy$2.invoke()Ljava/util/Set;+16
j  kotlin.reflect.jvm.internal.impl.serialization.deserialization.descriptors.DeserializedMemberScope$variableNamesLazy$2.invoke()Ljava/lang/Object;+1
j  kotlin.reflect.jvm.internal.impl.storage.LockBasedStorageManager$LockBasedLazyValue.invoke()Ljava/lang/Object;+156
j  kotlin.reflect.jvm.internal.impl.storage.LockBasedStorageManager$LockBasedNotNullLazyValue.invoke()Ljava/lang/Object;+1
j  kotlin.reflect.jvm.internal.impl.storage.StorageKt.getValue(Lkotlin/reflect/jvm/internal/impl/storage/NotNullLazyValue;Ljava/lang/Object;Lkotlin/reflect/KProperty;)Ljava/lang/Object;+13
j  kotlin.reflect.jvm.internal.impl.serialization.deserialization.descriptors.DeserializedMemberScope.getVariableNamesLazy()Ljava/util/Set;+10
j  kotlin.reflect.jvm.internal.impl.serialization.deserialization.descriptors.DeserializedMemberScope.getVariableNames()Ljava/util/Set;+1
j  kotlin.reflect.jvm.internal.impl.serialization.deserialization.descriptors.DeserializedClassDescriptor$DeserializedClassMemberScope.getNonDeclaredVariableNames()Ljava/util/Set;+69
j  kotlin.reflect.jvm.internal.impl.serialization.deserialization.descriptors.DeserializedMemberScope$variableNamesLazy$2.invoke()Ljava/util/Set;+16
j  kotlin.reflect.jvm.internal.impl.serialization.deserialization.descriptors.DeserializedMemberScope$variableNamesLazy$2.invoke()Ljava/lang/Object;+1
j  kotlin.reflect.jvm.internal.impl.storage.LockBasedStorageManager$LockBasedLazyValue.invoke()Ljava/lang/Object;+156
j  kotlin.reflect.jvm.internal.impl.storage.LockBasedStorageManager$LockBasedNotNullLazyValue.invoke()Ljava/lang/Object;+1
j  kotlin.reflect.jvm.internal.impl.storage.StorageKt.getValue(Lkotlin/reflect/jvm/internal/impl/storage/NotNullLazyValue;Ljava/lang/Object;Lkotlin/reflect/KProperty;)Ljava/lang/Object;+13
j  kotlin.reflect.jvm.internal.impl.serialization.deserialization.descriptors.DeserializedMemberScope.getVariableNamesLazy()Ljava/util/Set;+10
j  kotlin.reflect.jvm.internal.impl.serialization.deserialization.descriptors.DeserializedMemberScope.getVariableNames()Ljava/util/Set;+1
j  kotlin.reflect.jvm.internal.impl.serialization.deserialization.descriptors.DeserializedClassDescriptor$DeserializedClassMemberScope.getNonDeclaredVariableNames()Ljava/util/Set;+69
j  kotlin.reflect.jvm.internal.impl.serialization.deserialization.descriptors.DeserializedMemberScope$variableNamesLazy$2.invoke()Ljava/util/Set;+16
j  kotlin.reflect.jvm.internal.impl.serialization.deserialization.descriptors.DeserializedMemberScope$variableNamesLazy$2.invoke()Ljava/lang/Object;+1
j  kotlin.reflect.jvm.internal.impl.storage.LockBasedStorageManager$LockBasedLazyValue.invoke()Ljava/lang/Object;+156
j  kotlin.reflect.jvm.internal.impl.storage.LockBasedStorageManager$LockBasedNotNullLazyValue.invoke()Ljava/lang/Object;+1
j  kotlin.reflect.jvm.internal.impl.storage.StorageKt.getValue(Lkotlin/reflect/jvm/internal/impl/storage/NotNullLazyValue;Ljava/lang/Object;Lkotlin/reflect/KProperty;)Ljava/lang/Object;+13
j  kotlin.reflect.jvm.internal.impl.serialization.deserialization.descriptors.DeserializedMemberScope.getVariableNamesLazy()Ljava/util/Set;+10
j  kotlin.reflect.jvm.internal.impl.serialization.deserialization.descriptors.DeserializedMemberScope.getVariableNames()Ljava/util/Set;+1
j  kotlin.reflect.jvm.internal.impl.serialization.deserialization.descriptors.DeserializedMemberScope.addFunctionsAndProperties(Ljava/util/Collection;Lkotlin/reflect/jvm/internal/impl/resolve/scopes/DescriptorKindFilter;Lkotlin/jvm/functions/Function1;Lkotlin/reflect/jvm/internal/impl/incremental/components/LookupLocation;)V+17
j  kotlin.reflect.jvm.internal.impl.serialization.deserialization.descriptors.DeserializedMemberScope.computeDescriptors(Lkotlin/reflect/jvm/internal/impl/resolve/scopes/DescriptorKindFilter;Lkotlin/jvm/functions/Function1;Lkotlin/reflect/jvm/internal/impl/incremental/components/LookupLocation;)Ljava/util/Collection;+60
j  kotlin.reflect.jvm.internal.impl.serialization.deserialization.descriptors.DeserializedClassDescriptor$DeserializedClassMemberScope$allDescriptors$1.invoke()Ljava/util/Collection;+19
j  kotlin.reflect.jvm.internal.impl.serialization.deserialization.descriptors.DeserializedClassDescriptor$DeserializedClassMemberScope$allDescriptors$1.invoke()Ljava/lang/Object;+1
j  kotlin.reflect.jvm.internal.impl.storage.LockBasedStorageManager$LockBasedLazyValue.invoke()Ljava/lang/Object;+156
j  kotlin.reflect.jvm.internal.impl.storage.LockBasedStorageManager$LockBasedNotNullLazyValue.invoke()Ljava/lang/Object;+1
j  kotlin.reflect.jvm.internal.impl.serialization.deserialization.descriptors.DeserializedClassDescriptor$DeserializedClassMemberScope.getContributedDescriptors(Lkotlin/reflect/jvm/internal/impl/resolve/scopes/DescriptorKindFilter;Lkotlin/jvm/functions/Function1;)Ljava/util/Collection;+16
j  kotlin.reflect.jvm.internal.impl.resolve.scopes.ResolutionScope$DefaultImpls.getContributedDescriptors$default(Lkotlin/reflect/jvm/internal/impl/resolve/scopes/ResolutionScope;Lkotlin/reflect/jvm/internal/impl/resolve/scopes/DescriptorKindFilter;Lkotlin/jvm/functions/Function1;ILjava/lang/Object;)Ljava/util/Collection;+41
j  kotlin.reflect.jvm.internal.KDeclarationContainerImpl.getMembers(Lkotlin/reflect/jvm/internal/impl/resolve/scopes/MemberScope;Lkotlin/reflect/jvm/internal/KDeclarationContainerImpl$MemberBelonginess;)Ljava/util/Collection;+26
j  kotlin.reflect.jvm.internal.KClassImpl$Data$declaredNonStaticMembers$2.invoke()Ljava/util/Collection;+20
j  kotlin.reflect.jvm.internal.KClassImpl$Data$declaredNonStaticMembers$2.invoke()Ljava/lang/Object;+1
j  kotlin.reflect.jvm.internal.ReflectProperties$LazySoftVal.invoke()Ljava/lang/Object;+28
j  kotlin.reflect.jvm.internal.ReflectProperties$Val.getValue(Ljava/lang/Object;Ljava/lang/Object;)Ljava/lang/Object;+1
j  kotlin.reflect.jvm.internal.KClassImpl$Data.getDeclaredNonStaticMembers()Ljava/util/Collection;+11
j  kotlin.reflect.jvm.internal.KClassImpl$Data$allNonStaticMembers$2.invoke()Ljava/util/List;+4
j  kotlin.reflect.jvm.internal.KClassImpl$Data$allNonStaticMembers$2.invoke()Ljava/lang/Object;+1
j  kotlin.reflect.jvm.internal.ReflectProperties$LazySoftVal.invoke()Ljava/lang/Object;+28
j  kotlin.reflect.jvm.internal.ReflectProperties$Val.getValue(Ljava/lang/Object;Ljava/lang/Object;)Ljava/lang/Object;+1
j  kotlin.reflect.jvm.internal.KClassImpl$Data.getAllNonStaticMembers()Ljava/util/Collection;+11
j  kotlin.reflect.full.KClasses.getMemberProperties(Lkotlin/reflect/KClass;)Ljava/util/Collection;+19
j  org.jetbrains.kotlin.cli.common.arguments.ParseCommandLineArgumentsKt.parsePreprocessedCommandLineArguments(Ljava/util/List;Lorg/jetbrains/kotlin/cli/common/arguments/CommonToolArguments;Lorg/jetbrains/kotlin/cli/common/arguments/ArgumentParseErrors;)V+7
j  org.jetbrains.kotlin.cli.common.arguments.ParseCommandLineArgumentsKt.parseCommandLineArguments(Ljava/util/List;Lorg/jetbrains/kotlin/cli/common/arguments/CommonToolArguments;)V+73
j  org.jetbrains.kotlin.cli.common.CLITool.exec(Ljava/io/PrintStream;Lorg/jetbrains/kotlin/config/Services;Lorg/jetbrains/kotlin/cli/common/messages/MessageRenderer;[Ljava/lang/String;)Lorg/jetbrains/kotlin/cli/common/ExitCode;+38
j  org.jetbrains.kotlin.cli.common.CLITool.exec(Ljava/io/PrintStream;[Ljava/lang/String;)Lorg/jetbrains/kotlin/cli/common/ExitCode;+152
j  org.jetbrains.kotlin.cli.common.CLITool$Companion.doMainNoExit(Lorg/jetbrains/kotlin/cli/common/CLITool;[Ljava/lang/String;)Lorg/jetbrains/kotlin/cli/common/ExitCode;+32
j  org.jetbrains.kotlin.cli.common.CLITool$Companion.doMain(Lorg/jetbrains/kotlin/cli/common/CLITool;[Ljava/lang/String;)V+50
j  org.jetbrains.kotlin.cli.jvm.K2JVMCompiler$Companion.main([Ljava/lang/String;)V+20
j  org.jetbrains.kotlin.cli.jvm.K2JVMCompiler.main([Ljava/lang/String;)V+4
v  ~StubRoutines::call_stub

---------------  P R O C E S S  ---------------

Java Threads: ( => current thread )
  0x000000001e5da800 JavaThread "Service Thread" daemon [_thread_blocked, id=7120, stack(0x000000001f010000,0x000000001f110000)]
  0x000000001e54d000 JavaThread "C1 CompilerThread3" daemon [_thread_blocked, id=8764, stack(0x000000001ef10000,0x000000001f010000)]
  0x000000001c5fd000 JavaThread "C2 CompilerThread2" daemon [_thread_blocked, id=5824, stack(0x000000001ee10000,0x000000001ef10000)]
  0x000000001e4f4800 JavaThread "C2 CompilerThread1" daemon [_thread_blocked, id=7984, stack(0x000000001ed10000,0x000000001ee10000)]
  0x000000001e4f3000 JavaThread "C2 CompilerThread0" daemon [_thread_blocked, id=5852, stack(0x000000001ec10000,0x000000001ed10000)]
  0x000000001e4f2000 JavaThread "Attach Listener" daemon [_thread_blocked, id=8464, stack(0x000000001eb10000,0x000000001ec10000)]
  0x000000001e548000 JavaThread "Signal Dispatcher" daemon [_thread_blocked, id=3616, stack(0x000000001ea10000,0x000000001eb10000)]
  0x000000001e4d1000 JavaThread "Finalizer" daemon [_thread_blocked, id=5700, stack(0x000000001e8b0000,0x000000001e9b0000)]
  0x000000001c5e8800 JavaThread "Reference Handler" daemon [_thread_blocked, id=9760, stack(0x000000001e3b0000,0x000000001e4b0000)]
=>0x0000000002a47000 JavaThread "main" [_thread_in_vm, id=6120, stack(0x0000000002940000,0x0000000002a40000)]

Other Threads:
  0x0000000002b3d800 VMThread [stack: 0x000000001e2b0000,0x000000001e3b0000] [id=5108]
  0x000000001e562000 WatcherThread [stack: 0x000000001f110000,0x000000001f210000] [id=8424]

VM state:not at safepoint (normal execution)

VM Mutex/Monitor currently owned by a thread: None

Heap:
 PSYoungGen      total 76288K, used 30232K [0x000000076b180000, 0x0000000770680000, 0x00000007c0000000)
  eden space 65536K, 46% used [0x000000076b180000,0x000000076cf063b8,0x000000076f180000)
  from space 10752K, 0% used [0x000000076fc00000,0x000000076fc00000,0x0000000770680000)
  to   space 10752K, 0% used [0x000000076f180000,0x000000076f180000,0x000000076fc00000)
 ParOldGen       total 175104K, used 0K [0x00000006c1400000, 0x00000006cbf00000, 0x000000076b180000)
  object space 175104K, 0% used [0x00000006c1400000,0x00000006c1400000,0x00000006cbf00000)
 Metaspace       used 8811K, capacity 9588K, committed 9728K, reserved 1058816K
  class space    used 953K, capacity 1008K, committed 1024K, reserved 1048576K

Card table byte_map: [0x0000000011f00000,0x0000000012700000] byte_map_base: 0x000000000e8f6000

Marking Bits: (ParMarkBitMap*) 0x0000000060bb5aa0
 Begin Bits: [0x0000000013450000, 0x0000000017400000)
 End Bits:   [0x0000000017400000, 0x000000001b3b0000)

Polling page: 0x0000000000ca0000

CodeCache: size=245760Kb used=2541Kb max_used=2541Kb free=243218Kb
 bounds [0x0000000002b40000, 0x0000000002dc0000, 0x0000000011b40000]
 total_blobs=904 nmethods=607 adapters=211
 compilation: enabled

Compilation events (10 events):
Event: 0.433 Thread 0x000000001e54d000  602       1       kotlin.reflect.jvm.internal.impl.serialization.deserialization.DeserializationComponents::getStorageManager (5 bytes)
Event: 0.433 Thread 0x000000001e54d000 nmethod 602 0x0000000002dbc050 code [0x0000000002dbc1a0, 0x0000000002dbc2b0]
Event: 0.436 Thread 0x000000001e54d000  604       3       sun.reflect.generics.parser.SignatureParser::advance (37 bytes)
Event: 0.436 Thread 0x000000001e54d000 nmethod 604 0x0000000002dbbd10 code [0x0000000002dbbe60, 0x0000000002dbbfd0]
Event: 0.441 Thread 0x000000001e54d000  605       3       kotlin.reflect.jvm.internal.impl.name.FqName::hashCode (8 bytes)
Event: 0.441 Thread 0x000000001e54d000 nmethod 605 0x0000000002dbb790 code [0x0000000002dbb900, 0x0000000002dbbc08]
Event: 0.442 Thread 0x000000001e54d000  606       3       java.util.LinkedHashMap$LinkedKeyIterator::next (8 bytes)
Event: 0.442 Thread 0x000000001e54d000 nmethod 606 0x0000000002dbb2d0 code [0x0000000002dbb440, 0x0000000002dbb6e8]
Event: 0.442 Thread 0x000000001e54d000  607       3       kotlin.reflect.jvm.internal.impl.name.Name::guessByFirstCharacter (46 bytes)
Event: 0.442 Thread 0x000000001e54d000 nmethod 607 0x0000000002dba750 code [0x0000000002dba940, 0x0000000002dbb038]

GC Heap History (0 events):
No events

Deoptimization events (7 events):
Event: 0.337 Thread 0x0000000002a47000 Uncommon trap: reason=unstable_if action=reinterpret pc=0x0000000002d39f4c method=kotlin.reflect.jvm.internal.impl.protobuf.CodedInputStream.readRawVarint32()I @ 10
Event: 0.407 Thread 0x0000000002a47000 Uncommon trap: reason=class_check action=maybe_recompile pc=0x0000000002d4cc10 method=kotlin.reflect.jvm.internal.impl.protobuf.CodedInputStream.tryRefillBuffer(I)Z @ 175
Event: 0.408 Thread 0x0000000002a47000 Uncommon trap: reason=class_check action=maybe_recompile pc=0x0000000002d4cc10 method=kotlin.reflect.jvm.internal.impl.protobuf.CodedInputStream.tryRefillBuffer(I)Z @ 175
Event: 0.408 Thread 0x0000000002a47000 Uncommon trap: reason=class_check action=maybe_recompile pc=0x0000000002d4cc10 method=kotlin.reflect.jvm.internal.impl.protobuf.CodedInputStream.tryRefillBuffer(I)Z @ 175
Event: 0.409 Thread 0x0000000002a47000 Uncommon trap: reason=unstable_if action=reinterpret pc=0x0000000002d527ac method=kotlin.reflect.jvm.internal.impl.protobuf.CodedInputStream.readRawVarint32()I @ 69
Event: 0.410 Thread 0x0000000002a47000 Uncommon trap: reason=unstable_if action=reinterpret pc=0x0000000002d52fec method=kotlin.reflect.jvm.internal.impl.protobuf.CodedInputStream.readRawVarint32()I @ 69
Event: 0.411 Thread 0x0000000002a47000 Uncommon trap: reason=class_check action=maybe_recompile pc=0x0000000002d4cc10 method=kotlin.reflect.jvm.internal.impl.protobuf.CodedInputStream.tryRefillBuffer(I)Z @ 175

Classes redefined (0 events):
No events

Internal exceptions (9 events):
Event: 0.023 Thread 0x0000000002a47000 Exception <a 'java/lang/NoSuchMethodError': Method sun.misc.Unsafe.defineClass(Ljava/lang/String;[BII)Ljava/lang/Class; name or signature does not match> (0x000000076b187ca8) thrown at [D:\src\AOSP-openjdk-cygwin\jdk8u\hotspot\src\share\vm\prims\jni.cpp, 
Event: 0.023 Thread 0x0000000002a47000 Exception <a 'java/lang/NoSuchMethodError': Method sun.misc.Unsafe.prefetchRead(Ljava/lang/Object;J)V name or signature does not match> (0x000000076b187f90) thrown at [D:\src\AOSP-openjdk-cygwin\jdk8u\hotspot\src\share\vm\prims\jni.cpp, line 4011]
Event: 0.244 Thread 0x0000000002a47000 Exception <a 'java/security/PrivilegedActionException'> (0x000000076bd6a5c8) thrown at [D:\src\AOSP-openjdk-cygwin\jdk8u\hotspot\src\share\vm\prims\jvm.cpp, line 1390]
Event: 0.244 Thread 0x0000000002a47000 Exception <a 'java/security/PrivilegedActionException'> (0x000000076bd6a9c0) thrown at [D:\src\AOSP-openjdk-cygwin\jdk8u\hotspot\src\share\vm\prims\jvm.cpp, line 1390]
Event: 0.245 Thread 0x0000000002a47000 Exception <a 'java/security/PrivilegedActionException'> (0x000000076bd6eb80) thrown at [D:\src\AOSP-openjdk-cygwin\jdk8u\hotspot\src\share\vm\prims\jvm.cpp, line 1390]
Event: 0.245 Thread 0x0000000002a47000 Exception <a 'java/security/PrivilegedActionException'> (0x000000076bd6ef78) thrown at [D:\src\AOSP-openjdk-cygwin\jdk8u\hotspot\src\share\vm\prims\jvm.cpp, line 1390]
Event: 0.245 Thread 0x0000000002a47000 Exception <a 'java/security/PrivilegedActionException'> (0x000000076bd70b08) thrown at [D:\src\AOSP-openjdk-cygwin\jdk8u\hotspot\src\share\vm\prims\jvm.cpp, line 1390]
Event: 0.245 Thread 0x0000000002a47000 Exception <a 'java/security/PrivilegedActionException'> (0x000000076bd70f00) thrown at [D:\src\AOSP-openjdk-cygwin\jdk8u\hotspot\src\share\vm\prims\jvm.cpp, line 1390]
Event: 0.436 Thread 0x0000000002a47000 Exception <a 'java/lang/ArrayIndexOutOfBoundsException'> (0x000000076cde4318) thrown at [D:\src\AOSP-openjdk-cygwin\jdk8u\hotspot\src\share\vm\runtime\sharedRuntime.cpp, line 605]

Events (10 events):
Event: 0.440 loading class kotlin/reflect/jvm/internal/impl/load/java/lazy/LazyJavaAnnotations
Event: 0.440 loading class kotlin/reflect/jvm/internal/impl/load/java/lazy/LazyJavaAnnotations done
Event: 0.441 loading class kotlin/reflect/jvm/internal/impl/load/java/lazy/LazyJavaAnnotations$annotationDescriptors$1
Event: 0.441 loading class kotlin/reflect/jvm/internal/impl/load/java/lazy/LazyJavaAnnotations$annotationDescriptors$1 done
Event: 0.441 loading class kotlin/reflect/jvm/internal/impl/load/java/lazy/descriptors/LazyJavaClassDescriptor$declaredParameters$1
Event: 0.441 loading class kotlin/reflect/jvm/internal/impl/load/java/lazy/descriptors/LazyJavaClassDescriptor$declaredParameters$1 done
Event: 0.441 loading class kotlin/Any
Event: 0.441 loading class kotlin/Any done
Event: 0.441 loading class kotlin/Any
Event: 0.441 loading class kotlin/Any done


Dynamic libraries:
0x00007ff639bc0000 - 0x00007ff639bf1000 	C:\Program Files\Android\Android Studio\jre\jre\bin\java.exe
0x00007ffc3e770000 - 0x00007ffc3e95d000 	C:\Windows\SYSTEM32\ntdll.dll
0x00007ffc3dbb0000 - 0x00007ffc3dc63000 	C:\Windows\System32\KERNEL32.DLL
0x00007ffc3a990000 - 0x00007ffc3ac23000 	C:\Windows\System32\KERNELBASE.dll
0x00007ffc3db00000 - 0x00007ffc3dba3000 	C:\Windows\System32\ADVAPI32.dll
0x00007ffc3e6a0000 - 0x00007ffc3e73e000 	C:\Windows\System32\msvcrt.dll
0x00007ffc3dc70000 - 0x00007ffc3dd0e000 	C:\Windows\System32\sechost.dll
0x00007ffc3e040000 - 0x00007ffc3e162000 	C:\Windows\System32\RPCRT4.dll
0x00007ffc3d8d0000 - 0x00007ffc3da67000 	C:\Windows\System32\USER32.dll
0x00007ffc3a970000 - 0x00007ffc3a990000 	C:\Windows\System32\win32u.dll
0x00007ffc3da70000 - 0x00007ffc3da99000 	C:\Windows\System32\GDI32.dll
0x00007ffc3ace0000 - 0x00007ffc3ae7a000 	C:\Windows\System32\gdi32full.dll
0x00007ffc3b600000 - 0x00007ffc3b6a0000 	C:\Windows\System32\msvcp_win.dll
0x00007ffc3b880000 - 0x00007ffc3b97a000 	C:\Windows\System32\ucrtbase.dll
0x00007ffc30d40000 - 0x00007ffc30fb9000 	C:\Windows\WinSxS\amd64_microsoft.windows.common-controls_6595b64144ccf1df_6.0.17763.379_none_05b83be8071c94a1\COMCTL32.dll
0x00007ffc3dd10000 - 0x00007ffc3e03d000 	C:\Windows\System32\combase.dll
0x00007ffc3a890000 - 0x00007ffc3a90e000 	C:\Windows\System32\bcryptPrimitives.dll
0x00007ffc3d7d0000 - 0x00007ffc3d7fe000 	C:\Windows\System32\IMM32.DLL
0x0000000060310000 - 0x00000000603e2000 	C:\Program Files\Android\Android Studio\jre\jre\bin\msvcr100.dll
0x00000000603f0000 - 0x0000000060c31000 	C:\Program Files\Android\Android Studio\jre\jre\bin\server\jvm.dll
0x00007ffc3b9c0000 - 0x00007ffc3b9c8000 	C:\Windows\System32\PSAPI.DLL
0x00007ffc38b80000 - 0x00007ffc38ba4000 	C:\Windows\SYSTEM32\WINMM.dll
0x00007ffc368e0000 - 0x00007ffc368e9000 	C:\Windows\SYSTEM32\WSOCK32.dll
0x00007ffc33a60000 - 0x00007ffc33a6a000 	C:\Windows\SYSTEM32\VERSION.dll
0x00007ffc3c070000 - 0x00007ffc3c0dd000 	C:\Windows\System32\WS2_32.dll
0x00007ffc388d0000 - 0x00007ffc388fd000 	C:\Windows\SYSTEM32\WINMMBASE.dll
0x00007ffc3a840000 - 0x00007ffc3a88a000 	C:\Windows\System32\cfgmgr32.dll
0x00007ffc314c0000 - 0x00007ffc314cf000 	C:\Program Files\Android\Android Studio\jre\jre\bin\verify.dll
0x00007ffc2f4a0000 - 0x00007ffc2f4c9000 	C:\Program Files\Android\Android Studio\jre\jre\bin\java.dll
0x00007ffc2ea40000 - 0x00007ffc2ea56000 	C:\Program Files\Android\Android Studio\jre\jre\bin\zip.dll
0x00007ffc3c2e0000 - 0x00007ffc3d7d0000 	C:\Windows\System32\SHELL32.dll
0x00007ffc3e170000 - 0x00007ffc3e218000 	C:\Windows\System32\shcore.dll
0x00007ffc3aeb0000 - 0x00007ffc3b5fa000 	C:\Windows\System32\windows.storage.dll
0x00007ffc3a810000 - 0x00007ffc3a834000 	C:\Windows\System32\profapi.dll
0x00007ffc3a790000 - 0x00007ffc3a7ed000 	C:\Windows\System32\powrprof.dll
0x00007ffc3b9d0000 - 0x00007ffc3ba22000 	C:\Windows\System32\shlwapi.dll
0x00007ffc3a770000 - 0x00007ffc3a781000 	C:\Windows\System32\kernel.appcore.dll
0x00007ffc3b980000 - 0x00007ffc3b997000 	C:\Windows\System32\cryptsp.dll
0x00007ffc34410000 - 0x00007ffc345fd000 	C:\Windows\SYSTEM32\dbghelp.dll

VM Arguments:
java_command: org.jetbrains.kotlin.cli.jvm.K2JVMCompiler -Xadd-compiler-builtins -Xbuild-file=C:\Users\admin\AppData\Local\Temp\kjps8917687893190941273app_debug.script.xml -classpath C:\Users\admin\.gradle\caches\modules-2\files-2.1\org.jetbrains.kotlin\kotlin-android-extensions-runtime\1.3.31\721b62ccbafe51a284ca0d1c5dcfdce8cedd4255\kotlin-android-extensions-runtime-1.3.31.jar;C:\Users\admin\.gradle\caches\transforms-2\files-2.1\2225d09a65667eae880cbc032ee04f8f\jetified-kotlinx-coroutines-android-1.1.1.jar;C:\Users\admin\.gradle\caches\modules-2\files-2.1\org.jetbrains.kotlinx\kotlinx-coroutines-core\1.1.1\3d2b7321cdef9ebf9cb7729ea4f75a6f6457df86\kotlinx-coroutines-core-1.1.1.jar;C:\Users\admin\.gradle\caches\transforms-2\files-2.1\250034a0fb36cad6480b358b84ac6bb0\jars\classes.jar;C:\Users\admin\.gradle\caches\modules-2\files-2.1\org.jetbrains.kotlin\kotlin-stdlib-jdk7\1.3.31\e652770b6416c6d85934086899ffed3eccd35813\kotlin-stdlib-jdk7-1.3.31.jar;C:\Users\admin\.gradle\caches\modules-2\files-2.1\com.fasterxml.jackson.module\jackson-module-kotlin\2.9.6\12c5482762e03c19a95187fd94c3611738dee604\jackson-module-kotlin-2.9.6.jar;C:\Users\admin\.gradle\caches\transforms-2\files-2.1\89491517a83615d5a0b723b5510bc3e9\jetified-kotlin-reflect-1.3.31.jar;C:\Users\admin\.gradle\caches\modules-2\files-2.1\org.jetbrains.kotlin\kotlin-stdlib\1.3.31\11289d20fd95ae219333f3456072be9f081c30cc\kotlin-stdlib-1.3.31.jar;C:\Users\admin\.gradle\caches\modules-2\files-2.1\org.jetbrains.kotlinx\kotlinx-coroutines-core-common\1.1.1\7ed04382bdf0c89c5d87ac462aa4935ae8e85243\kotlinx-coroutines-core-common-1.1.1.jar;C:\Users\admin\.gradle\caches\modules-2\files-2.1\org.jetbrains.kotlin\kotlin-stdlib-common\1.3.31\20c34a04ea25cb1ef0139598bd67c764562cb170\kotlin-stdlib-common-1.3.31.jar;C:\Users\admin\.gradle\caches\modules-2\files-2.1\org.jetbrains\annotations\13.0\919f0dfe192fb4e063e7dacadee7f8bb9a2672a9\annotations-13.0.jar;C:\Users\admin\.gradle\caches\transforms-2\files-2.1\b0ab52378bbfb07a3a3
java_class_path (initial): C:\Users\admin\.gradle\caches\modules-2\files-2.1\org.jetbrains.kotlin\kotlin-compiler-embeddable\1.3.31\965ef6d9abe1555cc5d0a34dd24ce93b49123e7c\kotlin-compiler-embeddable-1.3.31.jar;C:\Users\admin\.gradle\caches\modules-2\files-2.1\org.jetbrains.kotlin\kotlin-reflect\1.3.31\5a426a5ada97967ca60fba495eeaa66cfa7c9e2f\kotlin-reflect-1.3.31.jar;C:\Users\admin\.gradle\caches\modules-2\files-2.1\org.jetbrains.kotlin\kotlin-stdlib\1.3.31\11289d20fd95ae219333f3456072be9f081c30cc\kotlin-stdlib-1.3.31.jar;C:\Users\admin\.gradle\caches\modules-2\files-2.1\org.jetbrains.kotlin\kotlin-script-runtime\1.3.31\e63e9d1a9ddb5f43ac72115de992aed8eb938cb5\kotlin-script-runtime-1.3.31.jar;C:\Users\admin\.gradle\caches\modules-2\files-2.1\org.jetbrains.intellij.deps\trove4j\1.0.20181211\216c2e14b070f334479d800987affe4054cd563f\trove4j-1.0.20181211.jar;C:\Users\admin\.gradle\caches\modules-2\files-2.1\org.jetbrains.kotlin\kotlin-stdlib-common\1.3.31\20c34a04ea25cb1ef0139598bd67c764562cb170\kotlin-stdlib-common-1.3.31.jar;C:\Users\admin\.gradle\caches\modules-2\files-2.1\org.jetbrains\annotations\13.0\919f0dfe192fb4e063e7dacadee7f8bb9a2672a9\annotations-13.0.jar;C:\Program Files\Android\Android Studio\jre\lib\tools.jar
Launcher Type: SUN_STANDARD

Environment Variables:
PATH=C:\Windows\system32;C:\Windows;C:\Windows\System32\Wbem;C:\Windows\System32\WindowsPowerShell\v1.0\;C:\Windows\System32\OpenSSH\;C:\Users\admin\AppData\Local\Microsoft\WindowsApps;
USERNAME=admin
OS=Windows_NT
PROCESSOR_IDENTIFIER=Intel64 Family 6 Model 94 Stepping 3, GenuineIntel



---------------  S Y S T E M  ---------------

OS: Windows 10.0 , 64 bit Build 17763 (10.0.17763.379)

CPU:total 8 (initial active 8) (4 cores per cpu, 2 threads per core) family 6 model 94 stepping 3, cmov, cx8, fxsr, mmx, sse, sse2, sse3, ssse3, sse4.1, sse4.2, popcnt, avx, avx2, aes, clmul, erms, rtm, 3dnowpref, lzcnt, ht, tsc, tscinvbit, bmi1, bmi2, adx

Memory: 4k page, physical 16687544k(7709864k free), swap 19702200k(9231968k free)

vm_info: OpenJDK 64-Bit Server VM (25.152-b01) for windows-amd64 JRE (1.8.0_152-release-1343-b01), built by "builder" with MS VC++ 10.0 (VS2010)

time: Mon Jun 10 16:44:13 2019
elapsed time: 0 seconds (0d 0h 0m 0s)

